<?xml version="1.0" encoding="UTF-8"?>
<!-- Generated by org.testng.reporters.JUnitReportReporter -->
<testsuite hostname="Chakris-Desktop" failures="0" tests="3" name="PageTestPackage.HomePageTest" time="60.117" errors="0" timestamp="2023-01-18T08:18:46 PST" skipped="0">
  <testcase classname="PageTestPackage.HomePageTest" name="Testlogo" time="21.820"/>
  <system-out/>
  <testcase classname="PageTestPackage.HomePageTest" name="TestFreeStudent" time="18.793"/>
  <system-out/>
  <testcase classname="PageTestPackage.HomePageTest" name="verifylogin" time="19.504"/>
  <system-out/>
</testsuite> <!-- PageTestPackage.HomePageTest -->
