<?xml version="1.0" encoding="UTF-8"?>
<!-- Generated by org.testng.reporters.JUnitReportReporter -->
<testsuite hostname="Chakris-Desktop" failures="0" tests="2" name="PageTestPackage.LoginPageDDT" time="44.888" errors="0" timestamp="2023-01-16T14:32:26 PST" skipped="0">
  <testcase classname="PageTestPackage.LoginPageDDT" name="loginddt" time="23.527"/>
  <system-out/>
  <testcase classname="PageTestPackage.LoginPageDDT" name="loginddt" time="21.361"/>
  <system-out/>
</testsuite> <!-- PageTestPackage.LoginPageDDT -->
