<?xml version="1.0" encoding="UTF-8"?>
<!-- Generated by org.testng.reporters.JUnitReportReporter -->
<testsuite hostname="Chakris-Desktop" failures="0" tests="2" name="PageTestPackage.LandingPageTest" time="21.915" errors="0" timestamp="2023-01-18T08:18:46 PST" skipped="0">
  <testcase classname="PageTestPackage.LandingPageTest" name="Testwbl" time="11.076"/>
  <system-out/>
  <testcase classname="PageTestPackage.LandingPageTest" name="TestMailid" time="10.839"/>
  <system-out/>
</testsuite> <!-- PageTestPackage.LandingPageTest -->
