<?xml version="1.0" encoding="UTF-8"?>
<!-- Generated by org.testng.reporters.JUnitReportReporter -->
<testsuite hostname="Chakris-Desktop" failures="0" tests="1" name="PageTestPackage.LoginPageTest" time="19.527" errors="0" timestamp="2023-01-18T08:18:46 PST" skipped="0">
  <testcase classname="PageTestPackage.LoginPageTest" name="TestLogin" time="19.527"/>
  <system-out/>
</testsuite> <!-- PageTestPackage.LoginPageTest -->
